{"meta": {"version": "6.5.0", "timestamp": "2022-10-05T16:53:44.674923", "branch_coverage": false, "show_contexts": false}, "files": {"qtpygraph\\__init__.py": {"executed_lines": [], "summary": {"covered_lines": 0, "num_statements": 0, "percent_covered": 100.0, "percent_covered_display": "100", "missing_lines": 0, "excluded_lines": 2}, "missing_lines": [], "excluded_lines": [3, 5]}}, "totals": {"covered_lines": 0, "num_statements": 0, "percent_covered": 100.0, "percent_covered_display": "100", "missing_lines": 0, "excluded_lines": 2}}
